<?xml version="1.0" ?>
<coverage version="7.7.0" timestamp="1742218594149" lines-valid="11" lines-covered="11" line-rate="1" branches-covered="0" branches-valid="0" branch-rate="0" complexity="0">
	<!-- Generated by coverage.py: https://coverage.readthedocs.io/en/7.7.0 -->
	<!-- Based on https://raw.githubusercontent.com/cobertura/web/master/htdocs/xml/coverage-04.dtd -->
	<sources>
		<source></source>
	</sources>
	<packages>
		<package name=".Users.cparts.repos.mast-aladin-lite..tox.py311-test-cov.lib.python3.11.site-packages.mast_aladin_lite" line-rate="1" branch-rate="0" complexity="0">
			<classes>
				<class name="__init__.py" filename="/Users/cparts/repos/mast-aladin-lite/.tox/py311-test-cov/lib/python3.11/site-packages/mast_aladin_lite/__init__.py" complexity="0" line-rate="1" branch-rate="0">
					<methods/>
					<lines>
						<line number="5" hits="1"/>
					</lines>
				</class>
				<class name="app.py" filename="/Users/cparts/repos/mast-aladin-lite/.tox/py311-test-cov/lib/python3.11/site-packages/mast_aladin_lite/app.py" complexity="0" line-rate="1" branch-rate="0">
					<methods/>
					<lines>
						<line number="1" hits="1"/>
						<line number="4" hits="1"/>
						<line number="5" hits="1"/>
					</lines>
				</class>
			</classes>
		</package>
		<package name=".Users.cparts.repos.mast-aladin-lite..tox.py311-test-cov.lib.python3.11.site-packages.mast_aladin_lite.tests" line-rate="1" branch-rate="0" complexity="0">
			<classes>
				<class name="__init__.py" filename="/Users/cparts/repos/mast-aladin-lite/.tox/py311-test-cov/lib/python3.11/site-packages/mast_aladin_lite/tests/__init__.py" complexity="0" line-rate="1" branch-rate="0">
					<methods/>
					<lines/>
				</class>
				<class name="test_example.py" filename="/Users/cparts/repos/mast-aladin-lite/.tox/py311-test-cov/lib/python3.11/site-packages/mast_aladin_lite/tests/test_example.py" complexity="0" line-rate="1" branch-rate="0">
					<methods/>
					<lines>
						<line number="1" hits="1"/>
						<line number="2" hits="1"/>
						<line number="5" hits="1"/>
						<line number="6" hits="1"/>
						<line number="7" hits="1"/>
						<line number="10" hits="1"/>
						<line number="11" hits="1"/>
					</lines>
				</class>
			</classes>
		</package>
	</packages>
</coverage>
